<?xml version="1.0" encoding="UTF-8"?>
<!-- Generated by org.testng.reporters.JUnitReportReporter -->
<testsuite hostname="DESKTOP-KAGN073" failures="0" tests="2" name="com.example.tests.LoginTest" time="10.917" errors="0" timestamp="2025-10-30T16:01:41 EET" skipped="0">
  <testcase classname="com.example.tests.LoginTest" name="testFailedLogin" time="6.446"/>
  <testcase classname="com.example.tests.LoginTest" name="testSuccessfulLogin" time="4.471"/>
</testsuite> <!-- com.example.tests.LoginTest -->
