<?xml version="1.0" encoding="UTF-8"?>
<!-- Generated by org.testng.reporters.JUnitReportReporter -->
<testsuite hostname="DESKTOP-KAGN073" failures="0" tests="2" name="tests.LoginTest" time="8.463" errors="0" timestamp="2025-10-28T19:50:41 EET" skipped="0">
  <testcase classname="tests.LoginTest" name="validLoginTest" time="3.696"/>
  <testcase classname="tests.LoginTest" name="invalidLoginTest" time="4.767"/>
</testsuite> <!-- tests.LoginTest -->
