<?xml version="1.0" encoding="UTF-8"?>
<!-- Generated by org.testng.reporters.JUnitReportReporter -->
<testsuite hostname="DESKTOP-KAGN073" failures="0" tests="1" name="tests.FirstSeleniumTest" time="21.572" errors="0" timestamp="2025-10-27T17:02:45 EET" skipped="0">
  <testcase classname="tests.FirstSeleniumTest" name="openGoogleTest" time="21.572"/>
</testsuite> <!-- tests.FirstSeleniumTest -->
