<?xml version="1.0" encoding="UTF-8"?>
<!-- Generated by org.testng.reporters.JUnitReportReporter -->
<testsuite hostname="DESKTOP-KAGN073" failures="0" tests="1" name="com.example.tests.CheckboxTest" time="5.743" errors="0" timestamp="2025-10-30T16:01:41 EET" skipped="0">
  <testcase classname="com.example.tests.CheckboxTest" name="testCheckboxes" time="5.743"/>
</testsuite> <!-- com.example.tests.CheckboxTest -->
